c:\users\superherden\documents\scai\release_binary\bwapiclient\debug\bulletimpl.obj
c:\users\superherden\documents\scai\release_binary\bwapiclient\debug\gameimpl.obj
c:\users\superherden\documents\scai\release_binary\bwapiclient\debug\unitimpl.obj
c:\users\superherden\documents\scai\release_binary\bwapiclient\debug\forceimpl.obj
c:\users\superherden\documents\scai\release_binary\bwapiclient\debug\gameshared.obj
c:\users\superherden\documents\scai\release_binary\bwapiclient\debug\regionshared.obj
c:\users\superherden\documents\scai\release_binary\bwapiclient\debug\client.obj
c:\users\superherden\documents\scai\release_binary\bwapiclient\debug\playerimpl.obj
c:\users\superherden\documents\scai\release_binary\bwapiclient\debug\regionimpl.obj
c:\users\superherden\documents\scai\release_binary\bwapiclient\debug\bulletshared.obj
c:\users\superherden\documents\scai\release_binary\bwapiclient\debug\forceshared.obj
c:\users\superherden\documents\scai\release_binary\bwapiclient\debug\playershared.obj
c:\users\superherden\documents\scai\release_binary\bwapiclient\debug\unitshared.obj
c:\users\superherden\documents\scai\release_binary\bwapiclient\debug\bwapiclient.pdb
c:\users\superherden\documents\scai\release_binary\debug\bwapiclient.lib
c:\users\superherden\desktop\scai_git\release_binary\bwapiclient\debug\bulletimpl.obj
c:\users\superherden\desktop\scai_git\release_binary\bwapiclient\debug\bulletshared.obj
c:\users\superherden\desktop\scai_git\release_binary\bwapiclient\debug\client.obj
c:\users\superherden\desktop\scai_git\release_binary\bwapiclient\debug\forceimpl.obj
c:\users\superherden\desktop\scai_git\release_binary\bwapiclient\debug\forceshared.obj
c:\users\superherden\desktop\scai_git\release_binary\bwapiclient\debug\gameimpl.obj
c:\users\superherden\desktop\scai_git\release_binary\bwapiclient\debug\gameshared.obj
c:\users\superherden\desktop\scai_git\release_binary\bwapiclient\debug\playerimpl.obj
c:\users\superherden\desktop\scai_git\release_binary\bwapiclient\debug\playershared.obj
c:\users\superherden\desktop\scai_git\release_binary\bwapiclient\debug\regionimpl.obj
c:\users\superherden\desktop\scai_git\release_binary\bwapiclient\debug\regionshared.obj
c:\users\superherden\desktop\scai_git\release_binary\bwapiclient\debug\unitimpl.obj
c:\users\superherden\desktop\scai_git\release_binary\bwapiclient\debug\unitshared.obj
c:\users\superherden\desktop\scai_git\release_binary\bwapiclient\debug\bwapiclient.pdb
c:\users\superherden\desktop\scai_git\release_binary\debug\bwapiclient.pdb
c:\users\superherden\desktop\scai_git\release_binary\debug\bwapiclient.lib
c:\users\superherden\desktop\scai_git\release_binary\bwapiclient\debug\bwapiclient.tlog\cl.11828.write.1.tlog
c:\users\superherden\desktop\scai_git\release_binary\bwapiclient\debug\bwapiclient.tlog\cl.command.1.tlog
c:\users\superherden\desktop\scai_git\release_binary\bwapiclient\debug\bwapiclient.tlog\cl.read.1.tlog
c:\users\superherden\desktop\scai_git\release_binary\bwapiclient\debug\bwapiclient.tlog\lib-link.read.1.tlog
c:\users\superherden\desktop\scai_git\release_binary\bwapiclient\debug\bwapiclient.tlog\lib-link.write.1.tlog
c:\users\superherden\desktop\scai_git\release_binary\bwapiclient\debug\bwapiclient.tlog\lib.command.1.tlog
