c:\users\superherden\documents\scai\release_binary\bwapilib\debug\bullettype.obj
c:\users\superherden\documents\scai\release_binary\bwapilib\debug\damagetype.obj
c:\users\superherden\documents\scai\release_binary\bwapilib\debug\filters.obj
c:\users\superherden\documents\scai\release_binary\bwapilib\debug\player.obj
c:\users\superherden\documents\scai\release_binary\bwapilib\debug\race.obj
c:\users\superherden\documents\scai\release_binary\bwapilib\debug\streams.obj
c:\users\superherden\documents\scai\release_binary\bwapilib\debug\unitcommand.obj
c:\users\superherden\documents\scai\release_binary\bwapilib\debug\unitsizetype.obj
c:\users\superherden\documents\scai\release_binary\bwapilib\debug\bwapi.obj
c:\users\superherden\documents\scai\release_binary\bwapilib\debug\explosiontype.obj
c:\users\superherden\documents\scai\release_binary\bwapilib\debug\gametype.obj
c:\users\superherden\documents\scai\release_binary\bwapilib\debug\playerset.obj
c:\users\superherden\documents\scai\release_binary\bwapilib\debug\region.obj
c:\users\superherden\documents\scai\release_binary\bwapilib\debug\unit.obj
c:\users\superherden\documents\scai\release_binary\bwapilib\debug\upgradetype.obj
c:\users\superherden\documents\scai\release_binary\bwapilib\debug\aimodule.obj
c:\users\superherden\documents\scai\release_binary\bwapilib\debug\event.obj
c:\users\superherden\documents\scai\release_binary\bwapilib\debug\game.obj
c:\users\superherden\documents\scai\release_binary\bwapilib\debug\playertype.obj
c:\users\superherden\documents\scai\release_binary\bwapilib\debug\regionset.obj
c:\users\superherden\documents\scai\release_binary\bwapilib\debug\unitset.obj
c:\users\superherden\documents\scai\release_binary\bwapilib\debug\unittype.obj
c:\users\superherden\documents\scai\release_binary\bwapilib\debug\broodwaroutputdevice.obj
c:\users\superherden\documents\scai\release_binary\bwapilib\debug\color.obj
c:\users\superherden\documents\scai\release_binary\bwapilib\debug\error.obj
c:\users\superherden\documents\scai\release_binary\bwapilib\debug\forceset.obj
c:\users\superherden\documents\scai\release_binary\bwapilib\debug\order.obj
c:\users\superherden\documents\scai\release_binary\bwapilib\debug\position.obj
c:\users\superherden\documents\scai\release_binary\bwapilib\debug\techtype.obj
c:\users\superherden\documents\scai\release_binary\bwapilib\debug\unitcommandtype.obj
c:\users\superherden\documents\scai\release_binary\bwapilib\debug\weapontype.obj
c:\users\superherden\documents\scai\release_binary\bwapilib\debug\bwapilib.pdb
c:\users\superherden\documents\scai\release_binary\debug\bwapilib.lib
c:\users\superherden\desktop\scai_git\release_binary\bwapilib\debug\aimodule.obj
c:\users\superherden\desktop\scai_git\release_binary\bwapilib\debug\broodwaroutputdevice.obj
c:\users\superherden\desktop\scai_git\release_binary\bwapilib\debug\bullettype.obj
c:\users\superherden\desktop\scai_git\release_binary\bwapilib\debug\bwapi.obj
c:\users\superherden\desktop\scai_git\release_binary\bwapilib\debug\color.obj
c:\users\superherden\desktop\scai_git\release_binary\bwapilib\debug\damagetype.obj
c:\users\superherden\desktop\scai_git\release_binary\bwapilib\debug\error.obj
c:\users\superherden\desktop\scai_git\release_binary\bwapilib\debug\event.obj
c:\users\superherden\desktop\scai_git\release_binary\bwapilib\debug\explosiontype.obj
c:\users\superherden\desktop\scai_git\release_binary\bwapilib\debug\filters.obj
c:\users\superherden\desktop\scai_git\release_binary\bwapilib\debug\forceset.obj
c:\users\superherden\desktop\scai_git\release_binary\bwapilib\debug\game.obj
c:\users\superherden\desktop\scai_git\release_binary\bwapilib\debug\gametype.obj
c:\users\superherden\desktop\scai_git\release_binary\bwapilib\debug\order.obj
c:\users\superherden\desktop\scai_git\release_binary\bwapilib\debug\player.obj
c:\users\superherden\desktop\scai_git\release_binary\bwapilib\debug\playerset.obj
c:\users\superherden\desktop\scai_git\release_binary\bwapilib\debug\playertype.obj
c:\users\superherden\desktop\scai_git\release_binary\bwapilib\debug\position.obj
c:\users\superherden\desktop\scai_git\release_binary\bwapilib\debug\race.obj
c:\users\superherden\desktop\scai_git\release_binary\bwapilib\debug\region.obj
c:\users\superherden\desktop\scai_git\release_binary\bwapilib\debug\regionset.obj
c:\users\superherden\desktop\scai_git\release_binary\bwapilib\debug\streams.obj
c:\users\superherden\desktop\scai_git\release_binary\bwapilib\debug\techtype.obj
c:\users\superherden\desktop\scai_git\release_binary\bwapilib\debug\unit.obj
c:\users\superherden\desktop\scai_git\release_binary\bwapilib\debug\unitcommand.obj
c:\users\superherden\desktop\scai_git\release_binary\bwapilib\debug\unitcommandtype.obj
c:\users\superherden\desktop\scai_git\release_binary\bwapilib\debug\unitset.obj
c:\users\superherden\desktop\scai_git\release_binary\bwapilib\debug\unitsizetype.obj
c:\users\superherden\desktop\scai_git\release_binary\bwapilib\debug\unittype.obj
c:\users\superherden\desktop\scai_git\release_binary\bwapilib\debug\upgradetype.obj
c:\users\superherden\desktop\scai_git\release_binary\bwapilib\debug\weapontype.obj
c:\users\superherden\desktop\scai_git\release_binary\bwapilib\debug\bwapilib.pdb
c:\users\superherden\desktop\scai_git\release_binary\debug\bwapilib.pdb
c:\users\superherden\desktop\scai_git\release_binary\debug\bwapilib.lib
c:\users\superherden\desktop\scai_git\release_binary\bwapilib\debug\bwapilib.tlog\cl.10704.write.1.tlog
c:\users\superherden\desktop\scai_git\release_binary\bwapilib\debug\bwapilib.tlog\cl.command.1.tlog
c:\users\superherden\desktop\scai_git\release_binary\bwapilib\debug\bwapilib.tlog\cl.read.1.tlog
c:\users\superherden\desktop\scai_git\release_binary\bwapilib\debug\bwapilib.tlog\lib-link.read.1.tlog
c:\users\superherden\desktop\scai_git\release_binary\bwapilib\debug\bwapilib.tlog\lib-link.write.1.tlog
c:\users\superherden\desktop\scai_git\release_binary\bwapilib\debug\bwapilib.tlog\lib.command.1.tlog
