c:\users\superherden\documents\scai\release_binary\exampleaimodule\release\dll.obj
c:\users\superherden\documents\scai\release_binary\exampleaimodule\release\exampleaimodule.obj
c:\users\superherden\documents\scai\release_binary\exampleaimodule\release\vc141.pdb
c:\users\superherden\documents\scai\release_binary\exampleaimodule\release\exampleaimodule.lib
c:\users\superherden\documents\scai\release_binary\exampleaimodule\release\exampleaimodule.exp
c:\users\superherden\documents\scai\release_binary\release\exampleaimodule.ipdb
c:\users\superherden\documents\scai\release_binary\release\exampleaimodule.iobj
c:\users\superherden\documents\scai\release_binary\release\exampleaimodule.dll
c:\users\superherden\documents\scai\release_binary\release\exampleaimodule.pdb
c:\users\superherden\desktop\scai_git\release_binary\exampleaimodule\release\dll.obj
c:\users\superherden\desktop\scai_git\release_binary\exampleaimodule\release\exampleaimodule.obj
c:\users\superherden\desktop\scai_git\release_binary\exampleaimodule\release\exampleaimodule.exp
c:\users\superherden\desktop\scai_git\release_binary\exampleaimodule\release\vc141.pdb
c:\users\superherden\desktop\scai_git\release_binary\release\exampleaimodule.pdb
c:\users\superherden\desktop\scai_git\release_binary\release\exampleaimodule.dll
c:\users\superherden\desktop\scai_git\release_binary\exampleaimodule\release\exampleaimodule.tlog\cl.command.1.tlog
c:\users\superherden\desktop\scai_git\release_binary\exampleaimodule\release\exampleaimodule.tlog\cl.read.1.tlog
c:\users\superherden\desktop\scai_git\release_binary\exampleaimodule\release\exampleaimodule.tlog\cl.write.1.tlog
c:\users\superherden\desktop\scai_git\release_binary\exampleaimodule\release\exampleaimodule.tlog\exampleaimodule.write.1u.tlog
c:\users\superherden\desktop\scai_git\release_binary\exampleaimodule\release\exampleaimodule.tlog\link.command.1.tlog
c:\users\superherden\desktop\scai_git\release_binary\exampleaimodule\release\exampleaimodule.tlog\link.read.1.tlog
c:\users\superherden\desktop\scai_git\release_binary\exampleaimodule\release\exampleaimodule.tlog\link.write.1.tlog
