c:\users\superherden\documents\scai\release_binary\exampleaimodule\debug\dll.obj
c:\users\superherden\documents\scai\release_binary\exampleaimodule\debug\exampleaimodule.obj
c:\users\superherden\documents\scai\release_binary\exampleaimodule\debug\vc141.pdb
c:\users\superherden\documents\scai\release_binary\exampleaimodule\debug\exampleaimodule.lib
c:\users\superherden\documents\scai\release_binary\exampleaimodule\debug\exampleaimodule.exp
c:\users\superherden\documents\scai\release_binary\debug\exampleaimodule.dll
c:\users\superherden\documents\scai\release_binary\debug\exampleaimodule.pdb
c:\users\superherden\desktop\scai_git\release_binary\exampleaimodule\debug\dll.obj
c:\users\superherden\desktop\scai_git\release_binary\exampleaimodule\debug\exampleaimodule.obj
c:\users\superherden\desktop\scai_git\release_binary\exampleaimodule\debug\exampleaimodule.exp
c:\users\superherden\desktop\scai_git\release_binary\exampleaimodule\debug\vc141.pdb
c:\users\superherden\desktop\scai_git\release_binary\exampleaimodule\debug\vc142.pdb
c:\users\superherden\desktop\scai_git\release_binary\debug\exampleaimodule.pdb
c:\users\superherden\desktop\scai_git\release_binary\debug\exampleaimodule.dll
c:\users\superherden\desktop\scai_git\release_binary\exampleaimodule\debug\exampleaimodule.tlog\cl.12064.write.1.tlog
c:\users\superherden\desktop\scai_git\release_binary\exampleaimodule\debug\exampleaimodule.tlog\cl.command.1.tlog
c:\users\superherden\desktop\scai_git\release_binary\exampleaimodule\debug\exampleaimodule.tlog\cl.read.1.tlog
c:\users\superherden\desktop\scai_git\release_binary\exampleaimodule\debug\exampleaimodule.tlog\exampleaimodule.write.1u.tlog
c:\users\superherden\desktop\scai_git\release_binary\exampleaimodule\debug\exampleaimodule.tlog\link.command.1.tlog
c:\users\superherden\desktop\scai_git\release_binary\exampleaimodule\debug\exampleaimodule.tlog\link.read.1.tlog
c:\users\superherden\desktop\scai_git\release_binary\exampleaimodule\debug\exampleaimodule.tlog\link.write.1.tlog
