c:\users\superherden\documents\scai\release_binary\exampletournamentmodule\release\vc141.pdb
c:\users\superherden\documents\scai\release_binary\exampletournamentmodule\release\exampletournamentmodule.obj
c:\users\superherden\documents\scai\release_binary\exampletournamentmodule\release\dll.obj
c:\users\superherden\documents\scai\release_binary\release\exampletournamentmodule.lib
c:\users\superherden\documents\scai\release_binary\release\exampletournamentmodule.exp
c:\users\superherden\documents\scai\release_binary\release\exampletournamentmodule.ipdb
c:\users\superherden\documents\scai\release_binary\release\exampletournamentmodule.iobj
c:\users\superherden\documents\scai\release_binary\release\exampletournamentmodule.dll
c:\users\superherden\documents\scai\release_binary\release\exampletournamentmodule.pdb
c:\users\superherden\desktop\scai_git\release_binary\exampletournamentmodule\release\dll.obj
c:\users\superherden\desktop\scai_git\release_binary\exampletournamentmodule\release\exampletournamentmodule.obj
c:\users\superherden\desktop\scai_git\release_binary\exampletournamentmodule\release\vc141.pdb
c:\users\superherden\desktop\scai_git\release_binary\release\exampletournamentmodule.pdb
c:\users\superherden\desktop\scai_git\release_binary\release\exampletournamentmodule.dll
c:\users\superherden\desktop\scai_git\release_binary\exampletournamentmodule\release\examplet.8d2682f5.tlog\cl.command.1.tlog
c:\users\superherden\desktop\scai_git\release_binary\exampletournamentmodule\release\examplet.8d2682f5.tlog\cl.read.1.tlog
c:\users\superherden\desktop\scai_git\release_binary\exampletournamentmodule\release\examplet.8d2682f5.tlog\cl.write.1.tlog
c:\users\superherden\desktop\scai_git\release_binary\exampletournamentmodule\release\examplet.8d2682f5.tlog\exampletournamentmodule.write.1u.tlog
c:\users\superherden\desktop\scai_git\release_binary\exampletournamentmodule\release\examplet.8d2682f5.tlog\link.command.1.tlog
c:\users\superherden\desktop\scai_git\release_binary\exampletournamentmodule\release\examplet.8d2682f5.tlog\link.read.1.tlog
c:\users\superherden\desktop\scai_git\release_binary\exampletournamentmodule\release\examplet.8d2682f5.tlog\link.write.1.tlog
