c:\users\superherden\documents\scai\release_binary\bwapiclient\release\forceimpl.obj
c:\users\superherden\documents\scai\release_binary\bwapiclient\release\gameshared.obj
c:\users\superherden\documents\scai\release_binary\bwapiclient\release\regionshared.obj
c:\users\superherden\documents\scai\release_binary\bwapiclient\release\client.obj
c:\users\superherden\documents\scai\release_binary\bwapiclient\release\playerimpl.obj
c:\users\superherden\documents\scai\release_binary\bwapiclient\release\regionimpl.obj
c:\users\superherden\documents\scai\release_binary\bwapiclient\release\bulletshared.obj
c:\users\superherden\documents\scai\release_binary\bwapiclient\release\forceshared.obj
c:\users\superherden\documents\scai\release_binary\bwapiclient\release\playershared.obj
c:\users\superherden\documents\scai\release_binary\bwapiclient\release\unitimpl.obj
c:\users\superherden\documents\scai\release_binary\bwapiclient\release\bulletimpl.obj
c:\users\superherden\documents\scai\release_binary\bwapiclient\release\gameimpl.obj
c:\users\superherden\documents\scai\release_binary\bwapiclient\release\unitshared.obj
c:\users\superherden\documents\scai\release_binary\bwapiclient\release\bwapiclient.pdb
c:\users\superherden\documents\scai\release_binary\release\bwapiclient.lib
c:\users\superherden\desktop\scai_git\release_binary\bwapiclient\release\bulletimpl.obj
c:\users\superherden\desktop\scai_git\release_binary\bwapiclient\release\bulletshared.obj
c:\users\superherden\desktop\scai_git\release_binary\bwapiclient\release\client.obj
c:\users\superherden\desktop\scai_git\release_binary\bwapiclient\release\forceimpl.obj
c:\users\superherden\desktop\scai_git\release_binary\bwapiclient\release\forceshared.obj
c:\users\superherden\desktop\scai_git\release_binary\bwapiclient\release\gameimpl.obj
c:\users\superherden\desktop\scai_git\release_binary\bwapiclient\release\gameshared.obj
c:\users\superherden\desktop\scai_git\release_binary\bwapiclient\release\playerimpl.obj
c:\users\superherden\desktop\scai_git\release_binary\bwapiclient\release\playershared.obj
c:\users\superherden\desktop\scai_git\release_binary\bwapiclient\release\regionimpl.obj
c:\users\superherden\desktop\scai_git\release_binary\bwapiclient\release\regionshared.obj
c:\users\superherden\desktop\scai_git\release_binary\bwapiclient\release\unitimpl.obj
c:\users\superherden\desktop\scai_git\release_binary\bwapiclient\release\unitshared.obj
c:\users\superherden\desktop\scai_git\release_binary\bwapiclient\release\bwapiclient.pdb
c:\users\superherden\desktop\scai_git\release_binary\release\bwapiclient.lib
c:\users\superherden\desktop\scai_git\release_binary\bwapiclient\release\bwapiclient.tlog\cl.10248.write.1.tlog
c:\users\superherden\desktop\scai_git\release_binary\bwapiclient\release\bwapiclient.tlog\cl.command.1.tlog
c:\users\superherden\desktop\scai_git\release_binary\bwapiclient\release\bwapiclient.tlog\cl.read.1.tlog
c:\users\superherden\desktop\scai_git\release_binary\bwapiclient\release\bwapiclient.tlog\lib-link.read.1.tlog
c:\users\superherden\desktop\scai_git\release_binary\bwapiclient\release\bwapiclient.tlog\lib-link.write.1.tlog
c:\users\superherden\desktop\scai_git\release_binary\bwapiclient\release\bwapiclient.tlog\lib.command.1.tlog
