c:\users\superherden\documents\scai\release_binary\bwapilib\release\bwapi.obj
c:\users\superherden\documents\scai\release_binary\bwapilib\release\explosiontype.obj
c:\users\superherden\documents\scai\release_binary\bwapilib\release\gametype.obj
c:\users\superherden\documents\scai\release_binary\bwapilib\release\playerset.obj
c:\users\superherden\documents\scai\release_binary\bwapilib\release\regionset.obj
c:\users\superherden\documents\scai\release_binary\bwapilib\release\unitset.obj
c:\users\superherden\documents\scai\release_binary\bwapilib\release\upgradetype.obj
c:\users\superherden\documents\scai\release_binary\bwapilib\release\aimodule.obj
c:\users\superherden\documents\scai\release_binary\bwapilib\release\event.obj
c:\users\superherden\documents\scai\release_binary\bwapilib\release\game.obj
c:\users\superherden\documents\scai\release_binary\bwapilib\release\playertype.obj
c:\users\superherden\documents\scai\release_binary\bwapilib\release\region.obj
c:\users\superherden\documents\scai\release_binary\bwapilib\release\unit.obj
c:\users\superherden\documents\scai\release_binary\bwapilib\release\unitsizetype.obj
c:\users\superherden\documents\scai\release_binary\bwapilib\release\bullettype.obj
c:\users\superherden\documents\scai\release_binary\bwapilib\release\damagetype.obj
c:\users\superherden\documents\scai\release_binary\bwapilib\release\filters.obj
c:\users\superherden\documents\scai\release_binary\bwapilib\release\player.obj
c:\users\superherden\documents\scai\release_binary\bwapilib\release\race.obj
c:\users\superherden\documents\scai\release_binary\bwapilib\release\streams.obj
c:\users\superherden\documents\scai\release_binary\bwapilib\release\unitcommand.obj
c:\users\superherden\documents\scai\release_binary\bwapilib\release\unittype.obj
c:\users\superherden\documents\scai\release_binary\bwapilib\release\broodwaroutputdevice.obj
c:\users\superherden\documents\scai\release_binary\bwapilib\release\color.obj
c:\users\superherden\documents\scai\release_binary\bwapilib\release\error.obj
c:\users\superherden\documents\scai\release_binary\bwapilib\release\forceset.obj
c:\users\superherden\documents\scai\release_binary\bwapilib\release\order.obj
c:\users\superherden\documents\scai\release_binary\bwapilib\release\position.obj
c:\users\superherden\documents\scai\release_binary\bwapilib\release\techtype.obj
c:\users\superherden\documents\scai\release_binary\bwapilib\release\unitcommandtype.obj
c:\users\superherden\documents\scai\release_binary\bwapilib\release\weapontype.obj
c:\users\superherden\documents\scai\release_binary\bwapilib\release\bwapilib.pdb
c:\users\superherden\documents\scai\release_binary\release\bwapilib.lib
c:\users\superherden\desktop\scai_git\release_binary\bwapilib\release\aimodule.obj
c:\users\superherden\desktop\scai_git\release_binary\bwapilib\release\broodwaroutputdevice.obj
c:\users\superherden\desktop\scai_git\release_binary\bwapilib\release\bullettype.obj
c:\users\superherden\desktop\scai_git\release_binary\bwapilib\release\bwapi.obj
c:\users\superherden\desktop\scai_git\release_binary\bwapilib\release\color.obj
c:\users\superherden\desktop\scai_git\release_binary\bwapilib\release\damagetype.obj
c:\users\superherden\desktop\scai_git\release_binary\bwapilib\release\error.obj
c:\users\superherden\desktop\scai_git\release_binary\bwapilib\release\event.obj
c:\users\superherden\desktop\scai_git\release_binary\bwapilib\release\explosiontype.obj
c:\users\superherden\desktop\scai_git\release_binary\bwapilib\release\filters.obj
c:\users\superherden\desktop\scai_git\release_binary\bwapilib\release\forceset.obj
c:\users\superherden\desktop\scai_git\release_binary\bwapilib\release\game.obj
c:\users\superherden\desktop\scai_git\release_binary\bwapilib\release\gametype.obj
c:\users\superherden\desktop\scai_git\release_binary\bwapilib\release\order.obj
c:\users\superherden\desktop\scai_git\release_binary\bwapilib\release\player.obj
c:\users\superherden\desktop\scai_git\release_binary\bwapilib\release\playerset.obj
c:\users\superherden\desktop\scai_git\release_binary\bwapilib\release\playertype.obj
c:\users\superherden\desktop\scai_git\release_binary\bwapilib\release\position.obj
c:\users\superherden\desktop\scai_git\release_binary\bwapilib\release\race.obj
c:\users\superherden\desktop\scai_git\release_binary\bwapilib\release\region.obj
c:\users\superherden\desktop\scai_git\release_binary\bwapilib\release\regionset.obj
c:\users\superherden\desktop\scai_git\release_binary\bwapilib\release\streams.obj
c:\users\superherden\desktop\scai_git\release_binary\bwapilib\release\techtype.obj
c:\users\superherden\desktop\scai_git\release_binary\bwapilib\release\unit.obj
c:\users\superherden\desktop\scai_git\release_binary\bwapilib\release\unitcommand.obj
c:\users\superherden\desktop\scai_git\release_binary\bwapilib\release\unitcommandtype.obj
c:\users\superherden\desktop\scai_git\release_binary\bwapilib\release\unitset.obj
c:\users\superherden\desktop\scai_git\release_binary\bwapilib\release\unitsizetype.obj
c:\users\superherden\desktop\scai_git\release_binary\bwapilib\release\unittype.obj
c:\users\superherden\desktop\scai_git\release_binary\bwapilib\release\upgradetype.obj
c:\users\superherden\desktop\scai_git\release_binary\bwapilib\release\weapontype.obj
c:\users\superherden\desktop\scai_git\release_binary\bwapilib\release\bwapilib.pdb
c:\users\superherden\desktop\scai_git\release_binary\release\bwapilib.lib
c:\users\superherden\desktop\scai_git\release_binary\bwapilib\release\bwapilib.tlog\cl.10480.write.1.tlog
c:\users\superherden\desktop\scai_git\release_binary\bwapilib\release\bwapilib.tlog\cl.command.1.tlog
c:\users\superherden\desktop\scai_git\release_binary\bwapilib\release\bwapilib.tlog\cl.read.1.tlog
c:\users\superherden\desktop\scai_git\release_binary\bwapilib\release\bwapilib.tlog\lib-link.11064.read.1.tlog
c:\users\superherden\desktop\scai_git\release_binary\bwapilib\release\bwapilib.tlog\lib-link.11064.write.1.tlog
c:\users\superherden\desktop\scai_git\release_binary\bwapilib\release\bwapilib.tlog\lib.command.1.tlog
