C:\Program Files (x86)\Microsoft Visual Studio\2017\Community\Common7\IDE\VC\VCTargets\Platforms\Win32\PlatformToolsets\v141_xp\Toolset.targets(39,5): warning MSB8051: Support for targeting Windows XP is deprecated and will not be present in future releases of Visual Studio. Please see https://go.microsoft.com/fwlink/?linkid=2023588 for more information.
  AIModule.cpp
  BroodwarOutputDevice.cpp
  BulletType.cpp
  BWAPI.cpp
  Color.cpp
  DamageType.cpp
  Error.cpp
  Event.cpp
  ExplosionType.cpp
  Filters.cpp
  Forceset.cpp
  Game.cpp
  GameType.cpp
  Order.cpp
  Player.cpp
  Playerset.cpp
  PlayerType.cpp
  Position.cpp
  Race.cpp
  Region.cpp
  Regionset.cpp
  Streams.cpp
  TechType.cpp
  Unit.cpp
  Unitset.cpp
  UnitCommand.cpp
  UnitCommandType.cpp
  UnitSizeType.cpp
  UnitType.cpp
  UpgradeType.cpp
  WeaponType.cpp
  LINK : MSIL .netmodule or module compiled with /GL found; restarting link with /LTCG; add /LTCG to the link command line to improve linker performance
  BWAPILIB.vcxproj -> C:\Users\Herden\Documents\scai\Release_Binary\Release\BWAPILIB.lib
